2011-02-17T17:47:16+00:00 NOTICE (5): Untranslated message within 'en': Version
2011-02-17T17:47:16+00:00 NOTICE (5): Untranslated message within 'en': Collect rent
2011-02-17T17:47:16+00:00 NOTICE (5): Untranslated message within 'en': Collect business buildings
2011-02-17T17:47:16+00:00 NOTICE (5): Untranslated message within 'en': Supply business buildings
2011-02-17T17:47:16+00:00 NOTICE (5): Untranslated message within 'en': Make business building instant ready
2011-02-17T17:47:16+00:00 NOTICE (5): Untranslated message within 'en': Collect Landmarks
2011-02-17T17:47:16+00:00 NOTICE (5): Untranslated message within 'en': Collect Municipal Buildings
2011-02-17T17:47:16+00:00 NOTICE (5): Untranslated message within 'en': Clear Wildernes
2011-02-17T17:47:16+00:00 NOTICE (5): Untranslated message within 'en': Accept daily bonus
2011-02-17T17:47:16+00:00 NOTICE (5): Untranslated message within 'en': Trains
2011-02-17T17:47:16+00:00 NOTICE (5): Untranslated message within 'en': Trains_helptext
2011-02-17T17:47:16+00:00 NOTICE (5): Untranslated message within 'en': Stop collecting trains
2011-02-17T17:47:16+00:00 NOTICE (5): Untranslated message within 'en': Handle incoming trains
2011-02-17T17:47:16+00:00 NOTICE (5): Untranslated message within 'en': Send train
2011-02-17T17:47:16+00:00 NOTICE (5): Untranslated message within 'en': handcar_train
2011-02-17T17:47:16+00:00 NOTICE (5): Untranslated message within 'en': train_5minA
2011-02-17T17:47:16+00:00 NOTICE (5): Untranslated message within 'en': train_5minB
2011-02-17T17:47:16+00:00 NOTICE (5): Untranslated message within 'en': train_4hour
2011-02-17T17:47:16+00:00 NOTICE (5): Untranslated message within 'en': train_8hour
2011-02-17T17:47:16+00:00 NOTICE (5): Untranslated message within 'en': train_12hour
2011-02-17T17:47:16+00:00 NOTICE (5): Untranslated message within 'en': train_1day
2011-02-17T17:47:16+00:00 NOTICE (5): Untranslated message within 'en': train_2day
2011-02-17T17:47:16+00:00 NOTICE (5): Untranslated message within 'en': social_context_train
2011-02-17T17:47:16+00:00 NOTICE (5): Untranslated message within 'en': ships_helptext
2011-02-17T17:47:16+00:00 NOTICE (5): Untranslated message within 'en': Stop collecting ships
2011-02-17T17:47:16+00:00 NOTICE (5): Untranslated message within 'en': Handle incoming ships
2011-02-17T17:47:16+00:00 NOTICE (5): Untranslated message within 'en': Send ships
2011-02-17T17:47:21+00:00 NOTICE (5): Untranslated message within 'en': Version
2011-02-17T17:47:21+00:00 NOTICE (5): Untranslated message within 'en': Collect rent
2011-02-17T17:47:22+00:00 NOTICE (5): Untranslated message within 'en': Collect business buildings
2011-02-17T17:47:22+00:00 NOTICE (5): Untranslated message within 'en': Supply business buildings
2011-02-17T17:47:22+00:00 NOTICE (5): Untranslated message within 'en': Make business building instant ready
2011-02-17T17:47:22+00:00 NOTICE (5): Untranslated message within 'en': Collect Landmarks
2011-02-17T17:47:22+00:00 NOTICE (5): Untranslated message within 'en': Collect Municipal Buildings
2011-02-17T17:47:22+00:00 NOTICE (5): Untranslated message within 'en': Clear Wildernes
2011-02-17T17:47:22+00:00 NOTICE (5): Untranslated message within 'en': Accept daily bonus
2011-02-17T17:47:22+00:00 NOTICE (5): Untranslated message within 'en': Trains
2011-02-17T17:47:22+00:00 NOTICE (5): Untranslated message within 'en': Trains_helptext
2011-02-17T17:47:22+00:00 NOTICE (5): Untranslated message within 'en': Stop collecting trains
2011-02-17T17:47:22+00:00 NOTICE (5): Untranslated message within 'en': Handle incoming trains
2011-02-17T17:47:22+00:00 NOTICE (5): Untranslated message within 'en': Send train
2011-02-17T17:47:22+00:00 NOTICE (5): Untranslated message within 'en': handcar_train
2011-02-17T17:47:22+00:00 NOTICE (5): Untranslated message within 'en': train_5minA
2011-02-17T17:47:22+00:00 NOTICE (5): Untranslated message within 'en': train_5minB
2011-02-17T17:47:22+00:00 NOTICE (5): Untranslated message within 'en': train_4hour
2011-02-17T17:47:22+00:00 NOTICE (5): Untranslated message within 'en': train_8hour
2011-02-17T17:47:22+00:00 NOTICE (5): Untranslated message within 'en': train_12hour
2011-02-17T17:47:22+00:00 NOTICE (5): Untranslated message within 'en': train_1day
2011-02-17T17:47:22+00:00 NOTICE (5): Untranslated message within 'en': train_2day
2011-02-17T17:47:22+00:00 NOTICE (5): Untranslated message within 'en': social_context_train
2011-02-17T17:47:22+00:00 NOTICE (5): Untranslated message within 'en': ships_helptext
2011-02-17T17:47:22+00:00 NOTICE (5): Untranslated message within 'en': Stop collecting ships
2011-02-17T17:47:22+00:00 NOTICE (5): Untranslated message within 'en': Handle incoming ships
2011-02-17T17:47:22+00:00 NOTICE (5): Untranslated message within 'en': Send ships
2011-02-18T05:39:43+00:00 NOTICE (5): Untranslated message within 'en': Version
2011-02-18T05:39:43+00:00 NOTICE (5): Untranslated message within 'en': Collect rent
2011-02-18T05:39:43+00:00 NOTICE (5): Untranslated message within 'en': Collect business buildings
2011-02-18T05:39:44+00:00 NOTICE (5): Untranslated message within 'en': Supply business buildings
2011-02-18T05:39:44+00:00 NOTICE (5): Untranslated message within 'en': Make business building instant ready
2011-02-18T05:39:44+00:00 NOTICE (5): Untranslated message within 'en': Collect Landmarks
2011-02-18T05:39:44+00:00 NOTICE (5): Untranslated message within 'en': Collect Municipal Buildings
2011-02-18T05:39:44+00:00 NOTICE (5): Untranslated message within 'en': Clear Wildernes
2011-02-18T05:39:44+00:00 NOTICE (5): Untranslated message within 'en': Accept daily bonus
2011-02-18T05:39:44+00:00 NOTICE (5): Untranslated message within 'en': Trains
2011-02-18T05:39:44+00:00 NOTICE (5): Untranslated message within 'en': Trains_helptext
2011-02-18T05:39:44+00:00 NOTICE (5): Untranslated message within 'en': Stop collecting trains
2011-02-18T05:39:44+00:00 NOTICE (5): Untranslated message within 'en': Handle incoming trains
2011-02-18T05:39:44+00:00 NOTICE (5): Untranslated message within 'en': Send train
2011-02-18T05:39:44+00:00 NOTICE (5): Untranslated message within 'en': handcar_train
2011-02-18T05:39:44+00:00 NOTICE (5): Untranslated message within 'en': train_5minA
2011-02-18T05:39:44+00:00 NOTICE (5): Untranslated message within 'en': train_5minB
2011-02-18T05:39:44+00:00 NOTICE (5): Untranslated message within 'en': train_4hour
2011-02-18T05:39:44+00:00 NOTICE (5): Untranslated message within 'en': train_8hour
2011-02-18T05:39:44+00:00 NOTICE (5): Untranslated message within 'en': train_12hour
2011-02-18T05:39:44+00:00 NOTICE (5): Untranslated message within 'en': train_1day
2011-02-18T05:39:44+00:00 NOTICE (5): Untranslated message within 'en': train_2day
2011-02-18T05:39:44+00:00 NOTICE (5): Untranslated message within 'en': social_context_train
2011-02-18T05:39:44+00:00 NOTICE (5): Untranslated message within 'en': ships_helptext
2011-02-18T05:39:44+00:00 NOTICE (5): Untranslated message within 'en': Stop collecting ships
2011-02-18T05:39:44+00:00 NOTICE (5): Untranslated message within 'en': Handle incoming ships
2011-02-18T05:39:44+00:00 NOTICE (5): Untranslated message within 'en': Send ships
2011-02-18T05:39:44+00:00 NOTICE (5): Untranslated message within 'en': en
2011-02-18T05:39:44+00:00 NOTICE (5): Untranslated message within 'en': el_GR
